Determining if the pthread_create exist failed with the following output:
Change Dir: /home/proyectohuerta/jetson-inference/build/CMakeFiles/CMakeTmp

Run Build Command:"/usr/bin/make" "cmTC_86875/fast"
/usr/bin/make -f CMakeFiles/cmTC_86875.dir/build.make CMakeFiles/cmTC_86875.dir/build
make[1]: Entering directory '/home/proyectohuerta/jetson-inference/build/CMakeFiles/CMakeTmp'
Building C object CMakeFiles/cmTC_86875.dir/CheckSymbolExists.c.o
/usr/bin/cc   -fPIC    -o CMakeFiles/cmTC_86875.dir/CheckSymbolExists.c.o   -c /home/proyectohuerta/jetson-inference/build/CMakeFiles/CMakeTmp/CheckSymbolExists.c
Linking C executable cmTC_86875
/usr/bin/cmake -E cmake_link_script CMakeFiles/cmTC_86875.dir/link.txt --verbose=1
/usr/bin/cc -fPIC     -rdynamic CMakeFiles/cmTC_86875.dir/CheckSymbolExists.c.o  -o cmTC_86875 
CMakeFiles/cmTC_86875.dir/CheckSymbolExists.c.o: In function `main':
CheckSymbolExists.c:(.text+0x14): undefined reference to `pthread_create'
CheckSymbolExists.c:(.text+0x18): undefined reference to `pthread_create'
collect2: error: ld returned 1 exit status
CMakeFiles/cmTC_86875.dir/build.make:97: recipe for target 'cmTC_86875' failed
make[1]: *** [cmTC_86875] Error 1
make[1]: Leaving directory '/home/proyectohuerta/jetson-inference/build/CMakeFiles/CMakeTmp'
Makefile:126: recipe for target 'cmTC_86875/fast' failed
make: *** [cmTC_86875/fast] Error 2

File /home/proyectohuerta/jetson-inference/build/CMakeFiles/CMakeTmp/CheckSymbolExists.c:
/* */
#include <pthread.h>

int main(int argc, char** argv)
{
  (void)argv;
#ifndef pthread_create
  return ((int*)(&pthread_create))[argc];
#else
  (void)argc;
  return 0;
#endif
}

Determining if the function pthread_create exists in the pthreads failed with the following output:
Change Dir: /home/proyectohuerta/jetson-inference/build/CMakeFiles/CMakeTmp

Run Build Command:"/usr/bin/make" "cmTC_a8979/fast"
/usr/bin/make -f CMakeFiles/cmTC_a8979.dir/build.make CMakeFiles/cmTC_a8979.dir/build
make[1]: Entering directory '/home/proyectohuerta/jetson-inference/build/CMakeFiles/CMakeTmp'
Building C object CMakeFiles/cmTC_a8979.dir/CheckFunctionExists.c.o
/usr/bin/cc   -fPIC -DCHECK_FUNCTION_EXISTS=pthread_create   -o CMakeFiles/cmTC_a8979.dir/CheckFunctionExists.c.o   -c /usr/share/cmake-3.10/Modules/CheckFunctionExists.c
Linking C executable cmTC_a8979
/usr/bin/cmake -E cmake_link_script CMakeFiles/cmTC_a8979.dir/link.txt --verbose=1
/usr/bin/cc -fPIC -DCHECK_FUNCTION_EXISTS=pthread_create    -rdynamic CMakeFiles/cmTC_a8979.dir/CheckFunctionExists.c.o  -o cmTC_a8979 -lpthreads 
/usr/bin/ld: cannot find -lpthreads
collect2: error: ld returned 1 exit status
CMakeFiles/cmTC_a8979.dir/build.make:97: recipe for target 'cmTC_a8979' failed
make[1]: *** [cmTC_a8979] Error 1
make[1]: Leaving directory '/home/proyectohuerta/jetson-inference/build/CMakeFiles/CMakeTmp'
Makefile:126: recipe for target 'cmTC_a8979/fast' failed
make: *** [cmTC_a8979/fast] Error 2


